C:\Users\subhradeep\Desktop\Asp.net Core Test\Splitwise\Splitwise\Splitwise.Web\App\polyfills.js
C:\Users\subhradeep\Desktop\Asp.net Core Test\Splitwise\Splitwise\Splitwise.Web\App\polyfills.js.map
C:\Users\subhradeep\Desktop\Asp.net Core Test\Splitwise\Splitwise\Splitwise.Web\App\app\app.component.js
C:\Users\subhradeep\Desktop\Asp.net Core Test\Splitwise\Splitwise\Splitwise.Web\App\app\app.component.js.map
C:\Users\subhradeep\Desktop\Asp.net Core Test\Splitwise\Splitwise\Splitwise.Web\App\app\expenses\shared\expense.model.js
C:\Users\subhradeep\Desktop\Asp.net Core Test\Splitwise\Splitwise\Splitwise.Web\App\app\expenses\shared\expense.model.js.map
C:\Users\subhradeep\Desktop\Asp.net Core Test\Splitwise\Splitwise\Splitwise.Web\App\app\expenses\shared\expenses.service.js
C:\Users\subhradeep\Desktop\Asp.net Core Test\Splitwise\Splitwise\Splitwise.Web\App\app\expenses\shared\expenses.service.js.map
C:\Users\subhradeep\Desktop\Asp.net Core Test\Splitwise\Splitwise\Splitwise.Web\App\app\groups\shared\group.model.js
C:\Users\subhradeep\Desktop\Asp.net Core Test\Splitwise\Splitwise\Splitwise.Web\App\app\groups\shared\group.model.js.map
C:\Users\subhradeep\Desktop\Asp.net Core Test\Splitwise\Splitwise\Splitwise.Web\App\app\groups\shared\group.service.js
C:\Users\subhradeep\Desktop\Asp.net Core Test\Splitwise\Splitwise\Splitwise.Web\App\app\groups\shared\group.service.js.map
C:\Users\subhradeep\Desktop\Asp.net Core Test\Splitwise\Splitwise\Splitwise.Web\App\app\expenses\expense-list\expense-list.component.js
C:\Users\subhradeep\Desktop\Asp.net Core Test\Splitwise\Splitwise\Splitwise.Web\App\app\expenses\expense-list\expense-list.component.js.map
C:\Users\subhradeep\Desktop\Asp.net Core Test\Splitwise\Splitwise\Splitwise.Web\App\app\expenses\expense-details\expense-details.component.js
C:\Users\subhradeep\Desktop\Asp.net Core Test\Splitwise\Splitwise\Splitwise.Web\App\app\expenses\expense-details\expense-details.component.js.map
C:\Users\subhradeep\Desktop\Asp.net Core Test\Splitwise\Splitwise\Splitwise.Web\App\app\expenses\expense-create\expense-create.component.js
C:\Users\subhradeep\Desktop\Asp.net Core Test\Splitwise\Splitwise\Splitwise.Web\App\app\expenses\expense-create\expense-create.component.js.map
C:\Users\subhradeep\Desktop\Asp.net Core Test\Splitwise\Splitwise\Splitwise.Web\App\app\expenses\expense-edit\expense-edit.component.js
C:\Users\subhradeep\Desktop\Asp.net Core Test\Splitwise\Splitwise\Splitwise.Web\App\app\expenses\expense-edit\expense-edit.component.js.map
C:\Users\subhradeep\Desktop\Asp.net Core Test\Splitwise\Splitwise\Splitwise.Web\App\app\users\shared\user.model.js
C:\Users\subhradeep\Desktop\Asp.net Core Test\Splitwise\Splitwise\Splitwise.Web\App\app\users\shared\user.model.js.map
C:\Users\subhradeep\Desktop\Asp.net Core Test\Splitwise\Splitwise\Splitwise.Web\App\app\users\shared\user.service.js
C:\Users\subhradeep\Desktop\Asp.net Core Test\Splitwise\Splitwise\Splitwise.Web\App\app\users\shared\user.service.js.map
C:\Users\subhradeep\Desktop\Asp.net Core Test\Splitwise\Splitwise\Splitwise.Web\App\app\expenses\settlement\settlement.component.js
C:\Users\subhradeep\Desktop\Asp.net Core Test\Splitwise\Splitwise\Splitwise.Web\App\app\expenses\settlement\settlement.component.js.map
C:\Users\subhradeep\Desktop\Asp.net Core Test\Splitwise\Splitwise\Splitwise.Web\App\app\expenses\nongroup-expense\nongroup-expense.component.js
C:\Users\subhradeep\Desktop\Asp.net Core Test\Splitwise\Splitwise\Splitwise.Web\App\app\expenses\nongroup-expense\nongroup-expense.component.js.map
C:\Users\subhradeep\Desktop\Asp.net Core Test\Splitwise\Splitwise\Splitwise.Web\App\app\expenses\nongroup-expense-list\nongroup-expense-list.component.js
C:\Users\subhradeep\Desktop\Asp.net Core Test\Splitwise\Splitwise\Splitwise.Web\App\app\expenses\nongroup-expense-list\nongroup-expense-list.component.js.map
C:\Users\subhradeep\Desktop\Asp.net Core Test\Splitwise\Splitwise\Splitwise.Web\App\app\expenses\expenses.module.js
C:\Users\subhradeep\Desktop\Asp.net Core Test\Splitwise\Splitwise\Splitwise.Web\App\app\expenses\expenses.module.js.map
C:\Users\subhradeep\Desktop\Asp.net Core Test\Splitwise\Splitwise\Splitwise.Web\App\app\friends\friend-list\friend-list.component.js
C:\Users\subhradeep\Desktop\Asp.net Core Test\Splitwise\Splitwise\Splitwise.Web\App\app\friends\friend-list\friend-list.component.js.map
C:\Users\subhradeep\Desktop\Asp.net Core Test\Splitwise\Splitwise\Splitwise.Web\App\app\friends\friend-create\friend-create.component.js
C:\Users\subhradeep\Desktop\Asp.net Core Test\Splitwise\Splitwise\Splitwise.Web\App\app\friends\friend-create\friend-create.component.js.map
C:\Users\subhradeep\Desktop\Asp.net Core Test\Splitwise\Splitwise\Splitwise.Web\App\app\friends\friend-edit\friend-edit.component.js
C:\Users\subhradeep\Desktop\Asp.net Core Test\Splitwise\Splitwise\Splitwise.Web\App\app\friends\friend-edit\friend-edit.component.js.map
C:\Users\subhradeep\Desktop\Asp.net Core Test\Splitwise\Splitwise\Splitwise.Web\App\app\friends\friends.module.js
C:\Users\subhradeep\Desktop\Asp.net Core Test\Splitwise\Splitwise\Splitwise.Web\App\app\friends\friends.module.js.map
C:\Users\subhradeep\Desktop\Asp.net Core Test\Splitwise\Splitwise\Splitwise.Web\App\app\groups\group-list\group-list.component.js
C:\Users\subhradeep\Desktop\Asp.net Core Test\Splitwise\Splitwise\Splitwise.Web\App\app\groups\group-list\group-list.component.js.map
C:\Users\subhradeep\Desktop\Asp.net Core Test\Splitwise\Splitwise\Splitwise.Web\App\app\groups\group-details\group-details.component.js
C:\Users\subhradeep\Desktop\Asp.net Core Test\Splitwise\Splitwise\Splitwise.Web\App\app\groups\group-details\group-details.component.js.map
C:\Users\subhradeep\Desktop\Asp.net Core Test\Splitwise\Splitwise\Splitwise.Web\App\app\groups\group-create\group-create.component.js
C:\Users\subhradeep\Desktop\Asp.net Core Test\Splitwise\Splitwise\Splitwise.Web\App\app\groups\group-create\group-create.component.js.map
C:\Users\subhradeep\Desktop\Asp.net Core Test\Splitwise\Splitwise\Splitwise.Web\App\app\groups\group-edit\group-edit.component.js
C:\Users\subhradeep\Desktop\Asp.net Core Test\Splitwise\Splitwise\Splitwise.Web\App\app\groups\group-edit\group-edit.component.js.map
C:\Users\subhradeep\Desktop\Asp.net Core Test\Splitwise\Splitwise\Splitwise.Web\App\app\groups\add-member\add-member.component.js
C:\Users\subhradeep\Desktop\Asp.net Core Test\Splitwise\Splitwise\Splitwise.Web\App\app\groups\add-member\add-member.component.js.map
C:\Users\subhradeep\Desktop\Asp.net Core Test\Splitwise\Splitwise\Splitwise.Web\App\app\groups\groups.module.js
C:\Users\subhradeep\Desktop\Asp.net Core Test\Splitwise\Splitwise\Splitwise.Web\App\app\groups\groups.module.js.map
C:\Users\subhradeep\Desktop\Asp.net Core Test\Splitwise\Splitwise\Splitwise.Web\App\app\users\current-user\current-user.component.js
C:\Users\subhradeep\Desktop\Asp.net Core Test\Splitwise\Splitwise\Splitwise.Web\App\app\users\current-user\current-user.component.js.map
C:\Users\subhradeep\Desktop\Asp.net Core Test\Splitwise\Splitwise\Splitwise.Web\App\app\users\current-user-edit\current-user-edit.component.js
C:\Users\subhradeep\Desktop\Asp.net Core Test\Splitwise\Splitwise\Splitwise.Web\App\app\users\current-user-edit\current-user-edit.component.js.map
C:\Users\subhradeep\Desktop\Asp.net Core Test\Splitwise\Splitwise\Splitwise.Web\App\app\users\dashboard\dashboard.component.js
C:\Users\subhradeep\Desktop\Asp.net Core Test\Splitwise\Splitwise\Splitwise.Web\App\app\users\dashboard\dashboard.component.js.map
C:\Users\subhradeep\Desktop\Asp.net Core Test\Splitwise\Splitwise\Splitwise.Web\App\app\users\activity-list\activity-list.component.js
C:\Users\subhradeep\Desktop\Asp.net Core Test\Splitwise\Splitwise\Splitwise.Web\App\app\users\activity-list\activity-list.component.js.map
C:\Users\subhradeep\Desktop\Asp.net Core Test\Splitwise\Splitwise\Splitwise.Web\App\app\users\users.module.js
C:\Users\subhradeep\Desktop\Asp.net Core Test\Splitwise\Splitwise\Splitwise.Web\App\app\users\users.module.js.map
C:\Users\subhradeep\Desktop\Asp.net Core Test\Splitwise\Splitwise\Splitwise.Web\App\app\app.module.js
C:\Users\subhradeep\Desktop\Asp.net Core Test\Splitwise\Splitwise\Splitwise.Web\App\app\app.module.js.map
C:\Users\subhradeep\Desktop\Asp.net Core Test\Splitwise\Splitwise\Splitwise.Web\App\environments\environment.js
C:\Users\subhradeep\Desktop\Asp.net Core Test\Splitwise\Splitwise\Splitwise.Web\App\environments\environment.js.map
C:\Users\subhradeep\Desktop\Asp.net Core Test\Splitwise\Splitwise\Splitwise.Web\App\app\main.js
C:\Users\subhradeep\Desktop\Asp.net Core Test\Splitwise\Splitwise\Splitwise.Web\App\app\main.js.map
C:\Users\subhradeep\Desktop\Asp.net Core Test\Splitwise\Splitwise\Splitwise.Web\App\environments\environment.prod.js
C:\Users\subhradeep\Desktop\Asp.net Core Test\Splitwise\Splitwise\Splitwise.Web\App\environments\environment.prod.js.map
